<?xml version="1.0" encoding="UTF-8"?>
<testng-results ignored="0" total="1" passed="1" failed="0" skipped="0">
  <reporter-output>
  </reporter-output>
  <suite started-at="2022-12-01T12:16:25 IST" name="Default suite" finished-at="2022-12-01T12:16:57 IST" duration-ms="31719">
    <groups>
    </groups>
    <test started-at="2022-12-01T12:16:25 IST" name="Default test" finished-at="2022-12-01T12:16:57 IST" duration-ms="31719">
      <class name="scripting.Testcase3">
        <test-method is-config="true" signature="openApp()[pri:0, instance:scripting.Testcase3@5c30a9b0]" started-at="2022-12-01T12:16:25 IST" name="openApp" finished-at="2022-12-01T12:16:33 IST" duration-ms="8348" status="PASS">
          <reporter-output>
          </reporter-output>
        </test-method> <!-- openApp -->
        <test-method signature="tc3()[pri:0, instance:scripting.Testcase3@5c30a9b0]" started-at="2022-12-01T12:16:33 IST" name="tc3" finished-at="2022-12-01T12:16:56 IST" duration-ms="22471" status="PASS">
          <reporter-output>
          </reporter-output>
        </test-method> <!-- tc3 -->
        <test-method is-config="true" signature="closeApp(org.testng.ITestResult)[pri:0, instance:scripting.Testcase3@5c30a9b0]" started-at="2022-12-01T12:16:56 IST" name="closeApp" finished-at="2022-12-01T12:16:57 IST" duration-ms="828" status="PASS">
          <params>
            <param index="0">
              <value>
                <![CDATA[[TestResult name=tc3 status=SUCCESS method=Testcase3.tc3()[pri:0, instance:scripting.Testcase3@5c30a9b0] output={null}]]]>
              </value>
            </param>
          </params>
          <reporter-output>
          </reporter-output>
        </test-method> <!-- closeApp -->
      </class> <!-- scripting.Testcase3 -->
    </test> <!-- Default test -->
  </suite> <!-- Default suite -->
</testng-results>
